Loaded torchvision ImageNet pre-trained weights V1.
Not using distributed mode
cuda
/workspace/pytorch-auto-drive_llamas_basierNet/utils/models/lane_detection/laneatt.py:22: UserWarning: Can't complie line nms op for LaneATT. Set verbose=True for load in /utils/csrc/apis.py L9 for details.
[1, 290] training loss: 0.2958
[1, 290] loss label: 0.1666
[1, 290] loss curve: 0.1716
[1, 290] loss seg: 0.1434
[1, 290] valid portion: 0.9963
[1, 581] training loss: 0.1807
[1, 581] loss label: 0.1132
[1, 581] loss curve: 0.1179
[1, 581] loss seg: 0.0686
[1, 581] valid portion: 0.9997
[1, 872] training loss: 0.1439
[1, 872] loss label: 0.0889
[1, 872] loss curve: 0.0974
[1, 872] loss seg: 0.0501
[1, 872] valid portion: 0.9998
[1, 1163] training loss: 0.1047
[1, 1163] loss label: 0.0445
[1, 1163] loss curve: 0.0661
[1, 1163] loss seg: 0.0455
[1, 1163] valid portion: 0.9998
[1, 1454] training loss: 0.0900
[1, 1454] loss label: 0.0269
[1, 1454] loss curve: 0.0567
[1, 1454] loss seg: 0.0408
[1, 1454] valid portion: 0.9998
[1, 1745] training loss: 0.0766
[1, 1745] loss label: 0.0172
[1, 1745] loss curve: 0.0456
[1, 1745] loss seg: 0.0391
[1, 1745] valid portion: 0.9997
[1, 2036] training loss: 0.0751
[1, 2036] loss label: 0.0187
[1, 2036] loss curve: 0.0445
[1, 2036] loss seg: 0.0383
[1, 2036] valid portion: 0.9997
[1, 2327] training loss: 0.0689
[1, 2327] loss label: 0.0125
[1, 2327] loss curve: 0.0401
[1, 2327] loss seg: 0.0367
[1, 2327] valid portion: 0.9997
[1, 2618] training loss: 0.0664
[1, 2618] loss label: 0.0128
[1, 2618] loss curve: 0.0382
[1, 2618] loss seg: 0.0359
[1, 2618] valid portion: 0.9997
[1, 2909] training loss: 0.0644
[1, 2909] loss label: 0.0117
[1, 2909] loss curve: 0.0364
[1, 2909] loss seg: 0.0358
[1, 2909] valid portion: 0.9997
Epoch time: 777.15s
[2, 286] training loss: 0.0623
[2, 286] loss label: 0.0119
[2, 286] loss curve: 0.0347
[2, 286] loss seg: 0.0352
[2, 286] valid portion: 0.9998
[2, 577] training loss: 0.0622
[2, 577] loss label: 0.0099
[2, 577] loss curve: 0.0346
[2, 577] loss seg: 0.0355
[2, 577] valid portion: 0.9997
[2, 868] training loss: 0.0587
[2, 868] loss label: 0.0090
[2, 868] loss curve: 0.0321
[2, 868] loss seg: 0.0343
[2, 868] valid portion: 0.9997
[2, 1159] training loss: 0.0585
[2, 1159] loss label: 0.0088
[2, 1159] loss curve: 0.0315
[2, 1159] loss seg: 0.0348
[2, 1159] valid portion: 0.9997
[2, 1450] training loss: 0.0576
[2, 1450] loss label: 0.0083
[2, 1450] loss curve: 0.0307
[2, 1450] loss seg: 0.0349
[2, 1450] valid portion: 0.9997
[2, 1741] training loss: 0.0552
[2, 1741] loss label: 0.0075
[2, 1741] loss curve: 0.0290
[2, 1741] loss seg: 0.0340
[2, 1741] valid portion: 0.9997
[2, 2032] training loss: 0.0564
[2, 2032] loss label: 0.0080
[2, 2032] loss curve: 0.0302
[2, 2032] loss seg: 0.0338
[2, 2032] valid portion: 0.9998
[2, 2323] training loss: 0.0567
[2, 2323] loss label: 0.0072
[2, 2323] loss curve: 0.0308
[2, 2323] loss seg: 0.0336
[2, 2323] valid portion: 0.9998
[2, 2614] training loss: 0.0533
[2, 2614] loss label: 0.0062
[2, 2614] loss curve: 0.0278
[2, 2614] loss seg: 0.0332
[2, 2614] valid portion: 0.9998
[2, 2905] training loss: 0.0525
[2, 2905] loss label: 0.0068
[2, 2905] loss curve: 0.0269
[2, 2905] loss seg: 0.0331
[2, 2905] valid portion: 0.9997
Epoch time: 830.41s
[3, 282] training loss: 0.0518
[3, 282] loss label: 0.0067
[3, 282] loss curve: 0.0266
[3, 282] loss seg: 0.0326
[3, 282] valid portion: 0.9997
[3, 573] training loss: 0.0544
[3, 573] loss label: 0.0067
[3, 573] loss curve: 0.0291
[3, 573] loss seg: 0.0328
[3, 573] valid portion: 0.9998
[3, 864] training loss: 0.0533
[3, 864] loss label: 0.0060
[3, 864] loss curve: 0.0282
[3, 864] loss seg: 0.0326
[3, 864] valid portion: 0.9997
[3, 1155] training loss: 0.0517
[3, 1155] loss label: 0.0070
[3, 1155] loss curve: 0.0269
[3, 1155] loss seg: 0.0322
[3, 1155] valid portion: 0.9997
[3, 1446] training loss: 0.0498
[3, 1446] loss label: 0.0056
[3, 1446] loss curve: 0.0253
[3, 1446] loss seg: 0.0319
[3, 1446] valid portion: 0.9998
[3, 1737] training loss: 0.0517
[3, 1737] loss label: 0.0058
[3, 1737] loss curve: 0.0271
[3, 1737] loss seg: 0.0320
[3, 1737] valid portion: 0.9998
[3, 2028] training loss: 0.0492
[3, 2028] loss label: 0.0052
[3, 2028] loss curve: 0.0250
[3, 2028] loss seg: 0.0316
[3, 2028] valid portion: 0.9998
[3, 2319] training loss: 0.0480
[3, 2319] loss label: 0.0050
[3, 2319] loss curve: 0.0240
[3, 2319] loss seg: 0.0314
[3, 2319] valid portion: 0.9998
[3, 2610] training loss: 0.0480
[3, 2610] loss label: 0.0050
[3, 2610] loss curve: 0.0239
[3, 2610] loss seg: 0.0314
[3, 2610] valid portion: 0.9998
[3, 2901] training loss: 0.0471
[3, 2901] loss label: 0.0047
[3, 2901] loss curve: 0.0233
[3, 2901] loss seg: 0.0311
[3, 2901] valid portion: 0.9998
Epoch time: 844.52s
[4, 278] training loss: 0.0463
[4, 278] loss label: 0.0042
[4, 278] loss curve: 0.0228
[4, 278] loss seg: 0.0307
[4, 278] valid portion: 0.9998
[4, 569] training loss: 0.0459
[4, 569] loss label: 0.0042
[4, 569] loss curve: 0.0224
[4, 569] loss seg: 0.0308
[4, 569] valid portion: 0.9998
[4, 860] training loss: 0.0454
[4, 860] loss label: 0.0040
[4, 860] loss curve: 0.0220
[4, 860] loss seg: 0.0307
[4, 860] valid portion: 0.9997
[4, 1151] training loss: 0.0451
[4, 1151] loss label: 0.0037
[4, 1151] loss curve: 0.0217
[4, 1151] loss seg: 0.0306
[4, 1151] valid portion: 0.9998
[4, 1442] training loss: 0.0476
[4, 1442] loss label: 0.0046
[4, 1442] loss curve: 0.0241
[4, 1442] loss seg: 0.0306
[4, 1442] valid portion: 0.9997
[4, 1733] training loss: 0.0451
[4, 1733] loss label: 0.0039
[4, 1733] loss curve: 0.0219
[4, 1733] loss seg: 0.0305
[4, 1733] valid portion: 0.9997
[4, 2024] training loss: 0.0446
[4, 2024] loss label: 0.0038
[4, 2024] loss curve: 0.0214
[4, 2024] loss seg: 0.0304
[4, 2024] valid portion: 0.9997
[4, 2315] training loss: 0.0460
[4, 2315] loss label: 0.0042
[4, 2315] loss curve: 0.0229
[4, 2315] loss seg: 0.0302
[4, 2315] valid portion: 0.9998
[4, 2606] training loss: 0.0440
[4, 2606] loss label: 0.0038
[4, 2606] loss curve: 0.0209
[4, 2606] loss seg: 0.0303
[4, 2606] valid portion: 0.9998
[4, 2897] training loss: 0.0469
[4, 2897] loss label: 0.0041
[4, 2897] loss curve: 0.0241
[4, 2897] loss seg: 0.0300
[4, 2897] valid portion: 0.9998
Epoch time: 847.12s
[5, 274] training loss: 0.0460
[5, 274] loss label: 0.0044
[5, 274] loss curve: 0.0230
[5, 274] loss seg: 0.0302
[5, 274] valid portion: 0.9998
[5, 565] training loss: 0.0454
[5, 565] loss label: 0.0044
[5, 565] loss curve: 0.0223
[5, 565] loss seg: 0.0303
[5, 565] valid portion: 0.9997
[5, 856] training loss: 0.0445
[5, 856] loss label: 0.0042
[5, 856] loss curve: 0.0216
[5, 856] loss seg: 0.0300
[5, 856] valid portion: 0.9998
[5, 1147] training loss: 0.0435
[5, 1147] loss label: 0.0037
[5, 1147] loss curve: 0.0204
[5, 1147] loss seg: 0.0302
[5, 1147] valid portion: 0.9998
[5, 1438] training loss: 0.0464
[5, 1438] loss label: 0.0073
[5, 1438] loss curve: 0.0228
[5, 1438] loss seg: 0.0304
[5, 1438] valid portion: 0.9997
[5, 1729] training loss: 0.0495
[5, 1729] loss label: 0.0089
[5, 1729] loss curve: 0.0263
[5, 1729] loss seg: 0.0298
[5, 1729] valid portion: 0.9998
[5, 2020] training loss: 0.0445
[5, 2020] loss label: 0.0038
[5, 2020] loss curve: 0.0220
[5, 2020] loss seg: 0.0296
[5, 2020] valid portion: 0.9998
[5, 2311] training loss: 0.0426
[5, 2311] loss label: 0.0031
[5, 2311] loss curve: 0.0204
[5, 2311] loss seg: 0.0291
[5, 2311] valid portion: 0.9998
[5, 2602] training loss: 0.0427
[5, 2602] loss label: 0.0045
[5, 2602] loss curve: 0.0202
[5, 2602] loss seg: 0.0293
[5, 2602] valid portion: 0.9997
[5, 2893] training loss: 0.0403
[5, 2893] loss label: 0.0027
[5, 2893] loss curve: 0.0186
[5, 2893] loss seg: 0.0286
[5, 2893] valid portion: 0.9998
Epoch time: 850.17s
[6, 270] training loss: 0.0403
[6, 270] loss label: 0.0025
[6, 270] loss curve: 0.0185
[6, 270] loss seg: 0.0287
[6, 270] valid portion: 0.9998
[6, 561] training loss: 0.0410
[6, 561] loss label: 0.0027
[6, 561] loss curve: 0.0190
[6, 561] loss seg: 0.0290
[6, 561] valid portion: 0.9998
[6, 852] training loss: 0.0406
[6, 852] loss label: 0.0029
[6, 852] loss curve: 0.0186
[6, 852] loss seg: 0.0289
[6, 852] valid portion: 0.9998
[6, 1143] training loss: 0.0390
[6, 1143] loss label: 0.0024
[6, 1143] loss curve: 0.0174
[6, 1143] loss seg: 0.0285
[6, 1143] valid portion: 0.9998
[6, 1434] training loss: 0.0402
[6, 1434] loss label: 0.0025
[6, 1434] loss curve: 0.0185
[6, 1434] loss seg: 0.0286
[6, 1434] valid portion: 0.9997
[6, 1725] training loss: 0.0395
[6, 1725] loss label: 0.0025
[6, 1725] loss curve: 0.0177
[6, 1725] loss seg: 0.0287
[6, 1725] valid portion: 0.9998
[6, 2016] training loss: 0.0387
[6, 2016] loss label: 0.0024
[6, 2016] loss curve: 0.0172
[6, 2016] loss seg: 0.0284
[6, 2016] valid portion: 0.9998
[6, 2307] training loss: 0.0400
[6, 2307] loss label: 0.0025
[6, 2307] loss curve: 0.0180
[6, 2307] loss seg: 0.0290
[6, 2307] valid portion: 0.9997
[6, 2598] training loss: 0.0401
[6, 2598] loss label: 0.0027
[6, 2598] loss curve: 0.0181
[6, 2598] loss seg: 0.0290
[6, 2598] valid portion: 0.9998
[6, 2889] training loss: 0.0402
[6, 2889] loss label: 0.0028
[6, 2889] loss curve: 0.0181
[6, 2889] loss seg: 0.0291
[6, 2889] valid portion: 0.9997
Epoch time: 851.98s
[7, 266] training loss: 0.0390
[7, 266] loss label: 0.0026
[7, 266] loss curve: 0.0173
[7, 266] loss seg: 0.0286
[7, 266] valid portion: 0.9997
[7, 557] training loss: 0.0384
[7, 557] loss label: 0.0026
[7, 557] loss curve: 0.0169
[7, 557] loss seg: 0.0283
[7, 557] valid portion: 0.9998
[7, 848] training loss: 0.0385
[7, 848] loss label: 0.0024
[7, 848] loss curve: 0.0171
[7, 848] loss seg: 0.0282
[7, 848] valid portion: 0.9998
[7, 1139] training loss: 0.0379
[7, 1139] loss label: 0.0025
[7, 1139] loss curve: 0.0166
[7, 1139] loss seg: 0.0281
[7, 1139] valid portion: 0.9998
[7, 1430] training loss: 0.0384
[7, 1430] loss label: 0.0023
[7, 1430] loss curve: 0.0169
[7, 1430] loss seg: 0.0283
[7, 1430] valid portion: 0.9998
[7, 1721] training loss: 0.0387
[7, 1721] loss label: 0.0024
[7, 1721] loss curve: 0.0170
[7, 1721] loss seg: 0.0286
[7, 1721] valid portion: 0.9998
[7, 2012] training loss: 0.0375
[7, 2012] loss label: 0.0024
[7, 2012] loss curve: 0.0162
[7, 2012] loss seg: 0.0281
[7, 2012] valid portion: 0.9998
[7, 2303] training loss: 0.0379
[7, 2303] loss label: 0.0024
[7, 2303] loss curve: 0.0166
[7, 2303] loss seg: 0.0281
[7, 2303] valid portion: 0.9998
[7, 2594] training loss: 0.0379
[7, 2594] loss label: 0.0023
[7, 2594] loss curve: 0.0165
[7, 2594] loss seg: 0.0281
[7, 2594] valid portion: 0.9998
[7, 2885] training loss: 0.0369
[7, 2885] loss label: 0.0022
[7, 2885] loss curve: 0.0159
[7, 2885] loss seg: 0.0277
[7, 2885] valid portion: 0.9997
Epoch time: 853.31s
[8, 262] training loss: 0.0369
[8, 262] loss label: 0.0021
[8, 262] loss curve: 0.0159
[8, 262] loss seg: 0.0277
[8, 262] valid portion: 0.9997
[8, 553] training loss: 0.0366
[8, 553] loss label: 0.0021
[8, 553] loss curve: 0.0157
[8, 553] loss seg: 0.0276
[8, 553] valid portion: 0.9998
[8, 844] training loss: 0.0371
[8, 844] loss label: 0.0021
[8, 844] loss curve: 0.0160
[8, 844] loss seg: 0.0278
[8, 844] valid portion: 0.9998
[8, 1135] training loss: 0.0370
[8, 1135] loss label: 0.0036
[8, 1135] loss curve: 0.0157
[8, 1135] loss seg: 0.0278
[8, 1135] valid portion: 0.9997
[8, 1426] training loss: 0.0369
[8, 1426] loss label: 0.0024
[8, 1426] loss curve: 0.0160
[8, 1426] loss seg: 0.0276
[8, 1426] valid portion: 0.9998
[8, 1717] training loss: 0.0368
[8, 1717] loss label: 0.0022
[8, 1717] loss curve: 0.0159
[8, 1717] loss seg: 0.0276
[8, 1717] valid portion: 0.9997
[8, 2008] training loss: 0.0368
[8, 2008] loss label: 0.0028
[8, 2008] loss curve: 0.0156
[8, 2008] loss seg: 0.0279
[8, 2008] valid portion: 0.9997
[8, 2299] training loss: 0.0372
[8, 2299] loss label: 0.0025
[8, 2299] loss curve: 0.0160
[8, 2299] loss seg: 0.0280
[8, 2299] valid portion: 0.9997
[8, 2590] training loss: 0.0364
[8, 2590] loss label: 0.0020
[8, 2590] loss curve: 0.0152
[8, 2590] loss seg: 0.0280
[8, 2590] valid portion: 0.9998
[8, 2881] training loss: 0.0360
[8, 2881] loss label: 0.0022
[8, 2881] loss curve: 0.0152
[8, 2881] loss seg: 0.0274
[8, 2881] valid portion: 0.9998
Epoch time: 854.78s
[9, 258] training loss: 0.0358
[9, 258] loss label: 0.0021
[9, 258] loss curve: 0.0152
[9, 258] loss seg: 0.0271
[9, 258] valid portion: 0.9997
[9, 549] training loss: 0.0361
[9, 549] loss label: 0.0038
[9, 549] loss curve: 0.0150
[9, 549] loss seg: 0.0277
[9, 549] valid portion: 0.9998
[9, 840] training loss: 0.0360
[9, 840] loss label: 0.0037
[9, 840] loss curve: 0.0150
[9, 840] loss seg: 0.0275
[9, 840] valid portion: 0.9998
[9, 1131] training loss: 0.0355
[9, 1131] loss label: 0.0026
[9, 1131] loss curve: 0.0149
[9, 1131] loss seg: 0.0271
[9, 1131] valid portion: 0.9997
[9, 1422] training loss: 0.0353
[9, 1422] loss label: 0.0022
[9, 1422] loss curve: 0.0146
[9, 1422] loss seg: 0.0273
[9, 1422] valid portion: 0.9997
[9, 1713] training loss: 0.0354
[9, 1713] loss label: 0.0017
[9, 1713] loss curve: 0.0150
[9, 1713] loss seg: 0.0269
[9, 1713] valid portion: 0.9997
[9, 2004] training loss: 0.0349
[9, 2004] loss label: 0.0017
[9, 2004] loss curve: 0.0143
[9, 2004] loss seg: 0.0272
[9, 2004] valid portion: 0.9997
[9, 2295] training loss: 0.0356
[9, 2295] loss label: 0.0020
[9, 2295] loss curve: 0.0149
[9, 2295] loss seg: 0.0273
[9, 2295] valid portion: 0.9997
[9, 2586] training loss: 0.0346
[9, 2586] loss label: 0.0019
[9, 2586] loss curve: 0.0143
[9, 2586] loss seg: 0.0269
[9, 2586] valid portion: 0.9997
[9, 2877] training loss: 0.0353
[9, 2877] loss label: 0.0021
[9, 2877] loss curve: 0.0148
[9, 2877] loss seg: 0.0271
[9, 2877] valid portion: 0.9997
Epoch time: 856.91s
[10, 254] training loss: 0.0354
[10, 254] loss label: 0.0026
[10, 254] loss curve: 0.0148
[10, 254] loss seg: 0.0271
[10, 254] valid portion: 0.9997
[10, 545] training loss: 0.0351
[10, 545] loss label: 0.0032
[10, 545] loss curve: 0.0144
[10, 545] loss seg: 0.0271
[10, 545] valid portion: 0.9998
[10, 836] training loss: 0.0351
[10, 836] loss label: 0.0022
[10, 836] loss curve: 0.0145
[10, 836] loss seg: 0.0271
[10, 836] valid portion: 0.9997
[10, 1127] training loss: 0.0346
[10, 1127] loss label: 0.0018
[10, 1127] loss curve: 0.0142
[10, 1127] loss seg: 0.0270
[10, 1127] valid portion: 0.9998
[10, 1418] training loss: 0.0347
[10, 1418] loss label: 0.0019
[10, 1418] loss curve: 0.0142
[10, 1418] loss seg: 0.0272
[10, 1418] valid portion: 0.9998
[10, 1709] training loss: 0.0344
[10, 1709] loss label: 0.0018
[10, 1709] loss curve: 0.0142
[10, 1709] loss seg: 0.0267
[10, 1709] valid portion: 0.9997
[10, 2000] training loss: 0.0340
[10, 2000] loss label: 0.0018
[10, 2000] loss curve: 0.0139
[10, 2000] loss seg: 0.0266
[10, 2000] valid portion: 0.9998
[10, 2291] training loss: 0.0345
[10, 2291] loss label: 0.0019
[10, 2291] loss curve: 0.0142
[10, 2291] loss seg: 0.0269
[10, 2291] valid portion: 0.9997
[10, 2582] training loss: 0.0339
[10, 2582] loss label: 0.0018
[10, 2582] loss curve: 0.0136
[10, 2582] loss seg: 0.0268
[10, 2582] valid portion: 0.9997
[10, 2873] training loss: 0.0334
[10, 2873] loss label: 0.0019
[10, 2873] loss curve: 0.0135
[10, 2873] loss seg: 0.0263
[10, 2873] valid portion: 0.9997
Epoch time: 856.58s
[11, 250] training loss: 0.0329
[11, 250] loss label: 0.0017
[11, 250] loss curve: 0.0131
[11, 250] loss seg: 0.0262
[11, 250] valid portion: 0.9998
[11, 541] training loss: 0.0339
[11, 541] loss label: 0.0019
[11, 541] loss curve: 0.0136
[11, 541] loss seg: 0.0268
[11, 541] valid portion: 0.9997
[11, 832] training loss: 0.0330
[11, 832] loss label: 0.0017
[11, 832] loss curve: 0.0132
[11, 832] loss seg: 0.0261
[11, 832] valid portion: 0.9997
[11, 1123] training loss: 0.0336
[11, 1123] loss label: 0.0018
[11, 1123] loss curve: 0.0134
[11, 1123] loss seg: 0.0266
[11, 1123] valid portion: 0.9998
[11, 1414] training loss: 0.0334
[11, 1414] loss label: 0.0019
[11, 1414] loss curve: 0.0133
[11, 1414] loss seg: 0.0266
[11, 1414] valid portion: 0.9998
[11, 1705] training loss: 0.0336
[11, 1705] loss label: 0.0017
[11, 1705] loss curve: 0.0135
[11, 1705] loss seg: 0.0265
[11, 1705] valid portion: 0.9997
[11, 1996] training loss: 0.0330
[11, 1996] loss label: 0.0014
[11, 1996] loss curve: 0.0131
[11, 1996] loss seg: 0.0264
[11, 1996] valid portion: 0.9997
[11, 2287] training loss: 0.0326
[11, 2287] loss label: 0.0015
[11, 2287] loss curve: 0.0129
[11, 2287] loss seg: 0.0261
[11, 2287] valid portion: 0.9998
[11, 2578] training loss: 0.0337
[11, 2578] loss label: 0.0017
[11, 2578] loss curve: 0.0135
[11, 2578] loss seg: 0.0266
[11, 2578] valid portion: 0.9998
[11, 2869] training loss: 0.0328
[11, 2869] loss label: 0.0015
[11, 2869] loss curve: 0.0131
[11, 2869] loss seg: 0.0260
[11, 2869] valid portion: 0.9998
Epoch time: 856.68s
[12, 246] training loss: 0.0331
[12, 246] loss label: 0.0016
[12, 246] loss curve: 0.0132
[12, 246] loss seg: 0.0264
[12, 246] valid portion: 0.9998
[12, 537] training loss: 0.0322
[12, 537] loss label: 0.0015
[12, 537] loss curve: 0.0126
[12, 537] loss seg: 0.0259
[12, 537] valid portion: 0.9998
[12, 828] training loss: 0.0322
[12, 828] loss label: 0.0015
[12, 828] loss curve: 0.0126
[12, 828] loss seg: 0.0260
[12, 828] valid portion: 0.9998
[12, 1119] training loss: 0.0325
[12, 1119] loss label: 0.0014
[12, 1119] loss curve: 0.0128
[12, 1119] loss seg: 0.0261
[12, 1119] valid portion: 0.9998
[12, 1410] training loss: 0.0325
[12, 1410] loss label: 0.0015
[12, 1410] loss curve: 0.0127
[12, 1410] loss seg: 0.0262
[12, 1410] valid portion: 0.9997
[12, 1701] training loss: 0.0321
[12, 1701] loss label: 0.0016
[12, 1701] loss curve: 0.0125
[12, 1701] loss seg: 0.0260
[12, 1701] valid portion: 0.9997
[12, 1992] training loss: 0.0324
[12, 1992] loss label: 0.0015
[12, 1992] loss curve: 0.0128
[12, 1992] loss seg: 0.0260
[12, 1992] valid portion: 0.9997
[12, 2283] training loss: 0.0319
[12, 2283] loss label: 0.0015
[12, 2283] loss curve: 0.0125
[12, 2283] loss seg: 0.0258
[12, 2283] valid portion: 0.9997
[12, 2574] training loss: 0.0323
[12, 2574] loss label: 0.0017
[12, 2574] loss curve: 0.0126
[12, 2574] loss seg: 0.0261
[12, 2574] valid portion: 0.9998
[12, 2865] training loss: 0.0322
[12, 2865] loss label: 0.0014
[12, 2865] loss curve: 0.0125
[12, 2865] loss seg: 0.0261
[12, 2865] valid portion: 0.9997
Epoch time: 857.60s
[13, 242] training loss: 0.0324
[13, 242] loss label: 0.0015
[13, 242] loss curve: 0.0127
[13, 242] loss seg: 0.0261
[13, 242] valid portion: 0.9998
[13, 533] training loss: 0.0323
[13, 533] loss label: 0.0016
[13, 533] loss curve: 0.0126
[13, 533] loss seg: 0.0260
[13, 533] valid portion: 0.9997
[13, 824] training loss: 0.0321
[13, 824] loss label: 0.0014
[13, 824] loss curve: 0.0123
[13, 824] loss seg: 0.0262
[13, 824] valid portion: 0.9997
[13, 1115] training loss: 0.0318
[13, 1115] loss label: 0.0015
[13, 1115] loss curve: 0.0123
[13, 1115] loss seg: 0.0259
[13, 1115] valid portion: 0.9998
[13, 1406] training loss: 0.0313
[13, 1406] loss label: 0.0014
[13, 1406] loss curve: 0.0119
[13, 1406] loss seg: 0.0256
[13, 1406] valid portion: 0.9997
[13, 1697] training loss: 0.0313
[13, 1697] loss label: 0.0012
[13, 1697] loss curve: 0.0119
[13, 1697] loss seg: 0.0257
[13, 1697] valid portion: 0.9997
[13, 1988] training loss: 0.0308
[13, 1988] loss label: 0.0014
[13, 1988] loss curve: 0.0116
[13, 1988] loss seg: 0.0254
[13, 1988] valid portion: 0.9997
[13, 2279] training loss: 0.0309
[13, 2279] loss label: 0.0015
[13, 2279] loss curve: 0.0116
[13, 2279] loss seg: 0.0255
[13, 2279] valid portion: 0.9998
[13, 2570] training loss: 0.0314
[13, 2570] loss label: 0.0015
[13, 2570] loss curve: 0.0120
[13, 2570] loss seg: 0.0257
[13, 2570] valid portion: 0.9997
[13, 2861] training loss: 0.0312
[13, 2861] loss label: 0.0014
[13, 2861] loss curve: 0.0118
[13, 2861] loss seg: 0.0257
[13, 2861] valid portion: 0.9997
Epoch time: 857.49s
[14, 238] training loss: 0.0313
[14, 238] loss label: 0.0015
[14, 238] loss curve: 0.0118
[14, 238] loss seg: 0.0258
[14, 238] valid portion: 0.9998
[14, 529] training loss: 0.0306
[14, 529] loss label: 0.0013
[14, 529] loss curve: 0.0115
[14, 529] loss seg: 0.0253
[14, 529] valid portion: 0.9997
[14, 820] training loss: 0.0312
[14, 820] loss label: 0.0014
[14, 820] loss curve: 0.0118
[14, 820] loss seg: 0.0257
[14, 820] valid portion: 0.9997
[14, 1111] training loss: 0.0307
[14, 1111] loss label: 0.0014
[14, 1111] loss curve: 0.0115
[14, 1111] loss seg: 0.0254
[14, 1111] valid portion: 0.9997
[14, 1402] training loss: 0.0309
[14, 1402] loss label: 0.0015
[14, 1402] loss curve: 0.0115
[14, 1402] loss seg: 0.0257
[14, 1402] valid portion: 0.9998
[14, 1693] training loss: 0.0303
[14, 1693] loss label: 0.0012
[14, 1693] loss curve: 0.0114
[14, 1693] loss seg: 0.0250
[14, 1693] valid portion: 0.9998
[14, 1984] training loss: 0.0306
[14, 1984] loss label: 0.0013
[14, 1984] loss curve: 0.0112
[14, 1984] loss seg: 0.0257
[14, 1984] valid portion: 0.9998
[14, 2275] training loss: 0.0307
[14, 2275] loss label: 0.0015
[14, 2275] loss curve: 0.0114
[14, 2275] loss seg: 0.0254
[14, 2275] valid portion: 0.9997
[14, 2566] training loss: 0.0307
[14, 2566] loss label: 0.0016
[14, 2566] loss curve: 0.0111
[14, 2566] loss seg: 0.0259
[14, 2566] valid portion: 0.9997
[14, 2857] training loss: 0.0305
[14, 2857] loss label: 0.0014
[14, 2857] loss curve: 0.0114
[14, 2857] loss seg: 0.0253
[14, 2857] valid portion: 0.9998
Epoch time: 858.02s
[15, 234] training loss: 0.0303
[15, 234] loss label: 0.0012
[15, 234] loss curve: 0.0112
[15, 234] loss seg: 0.0254
[15, 234] valid portion: 0.9997
[15, 525] training loss: 0.0300
[15, 525] loss label: 0.0011
[15, 525] loss curve: 0.0109
[15, 525] loss seg: 0.0253
[15, 525] valid portion: 0.9998
[15, 816] training loss: 0.0302
[15, 816] loss label: 0.0012
[15, 816] loss curve: 0.0110
[15, 816] loss seg: 0.0254
[15, 816] valid portion: 0.9997
[15, 1107] training loss: 0.0303
[15, 1107] loss label: 0.0014
[15, 1107] loss curve: 0.0111
[15, 1107] loss seg: 0.0253
[15, 1107] valid portion: 0.9997
[15, 1398] training loss: 0.0304
[15, 1398] loss label: 0.0015
[15, 1398] loss curve: 0.0111
[15, 1398] loss seg: 0.0255
[15, 1398] valid portion: 0.9998
[15, 1689] training loss: 0.0297
[15, 1689] loss label: 0.0013
[15, 1689] loss curve: 0.0107
[15, 1689] loss seg: 0.0252
[15, 1689] valid portion: 0.9997
[15, 1980] training loss: 0.0300
[15, 1980] loss label: 0.0015
[15, 1980] loss curve: 0.0109
[15, 1980] loss seg: 0.0253
[15, 1980] valid portion: 0.9998
[15, 2271] training loss: 0.0303
[15, 2271] loss label: 0.0012
[15, 2271] loss curve: 0.0110
[15, 2271] loss seg: 0.0255
[15, 2271] valid portion: 0.9998
[15, 2562] training loss: 0.0292
[15, 2562] loss label: 0.0013
[15, 2562] loss curve: 0.0104
[15, 2562] loss seg: 0.0249
[15, 2562] valid portion: 0.9998
[15, 2853] training loss: 0.0297
[15, 2853] loss label: 0.0012
[15, 2853] loss curve: 0.0108
[15, 2853] loss seg: 0.0251
[15, 2853] valid portion: 0.9998
Epoch time: 857.74s
[16, 230] training loss: 0.0297
[16, 230] loss label: 0.0012
[16, 230] loss curve: 0.0107
[16, 230] loss seg: 0.0251
[16, 230] valid portion: 0.9998
[16, 521] training loss: 0.0294
[16, 521] loss label: 0.0012
[16, 521] loss curve: 0.0104
[16, 521] loss seg: 0.0251
[16, 521] valid portion: 0.9998
[16, 812] training loss: 0.0295
[16, 812] loss label: 0.0014
[16, 812] loss curve: 0.0106
[16, 812] loss seg: 0.0250
[16, 812] valid portion: 0.9998
[16, 1103] training loss: 0.0296
[16, 1103] loss label: 0.0013
[16, 1103] loss curve: 0.0108
[16, 1103] loss seg: 0.0250
[16, 1103] valid portion: 0.9998
[16, 1394] training loss: 0.0295
[16, 1394] loss label: 0.0012
[16, 1394] loss curve: 0.0105
[16, 1394] loss seg: 0.0252
[16, 1394] valid portion: 0.9998
[16, 1685] training loss: 0.0293
[16, 1685] loss label: 0.0011
[16, 1685] loss curve: 0.0105
[16, 1685] loss seg: 0.0250
[16, 1685] valid portion: 0.9998
[16, 1976] training loss: 0.0290
[16, 1976] loss label: 0.0013
[16, 1976] loss curve: 0.0102
[16, 1976] loss seg: 0.0250
[16, 1976] valid portion: 0.9998
[16, 2267] training loss: 0.0297
[16, 2267] loss label: 0.0013
[16, 2267] loss curve: 0.0107
[16, 2267] loss seg: 0.0252
[16, 2267] valid portion: 0.9998
[16, 2558] training loss: 0.0295
[16, 2558] loss label: 0.0012
[16, 2558] loss curve: 0.0104
[16, 2558] loss seg: 0.0254
[16, 2558] valid portion: 0.9998
[16, 2849] training loss: 0.0291
[16, 2849] loss label: 0.0012
[16, 2849] loss curve: 0.0104
[16, 2849] loss seg: 0.0248
[16, 2849] valid portion: 0.9998
Epoch time: 811.56s
[17, 226] training loss: 0.0290
[17, 226] loss label: 0.0012
[17, 226] loss curve: 0.0102
[17, 226] loss seg: 0.0249
[17, 226] valid portion: 0.9998
[17, 517] training loss: 0.0294
[17, 517] loss label: 0.0012
[17, 517] loss curve: 0.0104
[17, 517] loss seg: 0.0251
[17, 517] valid portion: 0.9997
[17, 808] training loss: 0.0293
[17, 808] loss label: 0.0012
[17, 808] loss curve: 0.0104
[17, 808] loss seg: 0.0250
[17, 808] valid portion: 0.9998
[17, 1099] training loss: 0.0293
[17, 1099] loss label: 0.0014
[17, 1099] loss curve: 0.0103
[17, 1099] loss seg: 0.0252
[17, 1099] valid portion: 0.9998
[17, 1390] training loss: 0.0289
[17, 1390] loss label: 0.0013
[17, 1390] loss curve: 0.0101
[17, 1390] loss seg: 0.0248
[17, 1390] valid portion: 0.9997
[17, 1681] training loss: 0.0286
[17, 1681] loss label: 0.0013
[17, 1681] loss curve: 0.0101
[17, 1681] loss seg: 0.0245
[17, 1681] valid portion: 0.9997
[17, 1972] training loss: 0.0286
[17, 1972] loss label: 0.0012
[17, 1972] loss curve: 0.0099
[17, 1972] loss seg: 0.0247
[17, 1972] valid portion: 0.9998
[17, 2263] training loss: 0.0291
[17, 2263] loss label: 0.0011
[17, 2263] loss curve: 0.0103
[17, 2263] loss seg: 0.0249
[17, 2263] valid portion: 0.9998
[17, 2554] training loss: 0.0286
[17, 2554] loss label: 0.0013
[17, 2554] loss curve: 0.0098
[17, 2554] loss seg: 0.0249
[17, 2554] valid portion: 0.9998
[17, 2845] training loss: 0.0289
[17, 2845] loss label: 0.0011
[17, 2845] loss curve: 0.0100
[17, 2845] loss seg: 0.0250
[17, 2845] valid portion: 0.9998
Epoch time: 788.25s
[18, 222] training loss: 0.0292
[18, 222] loss label: 0.0010
[18, 222] loss curve: 0.0103
[18, 222] loss seg: 0.0252
[18, 222] valid portion: 0.9998
[18, 513] training loss: 0.0286
[18, 513] loss label: 0.0010
[18, 513] loss curve: 0.0099
[18, 513] loss seg: 0.0248
[18, 513] valid portion: 0.9998
[18, 804] training loss: 0.0288
[18, 804] loss label: 0.0011
[18, 804] loss curve: 0.0100
[18, 804] loss seg: 0.0250
[18, 804] valid portion: 0.9997
[18, 1095] training loss: 0.0283
[18, 1095] loss label: 0.0012
[18, 1095] loss curve: 0.0096
[18, 1095] loss seg: 0.0247
[18, 1095] valid portion: 0.9998
[18, 1386] training loss: 0.0288
[18, 1386] loss label: 0.0012
[18, 1386] loss curve: 0.0099
[18, 1386] loss seg: 0.0251
[18, 1386] valid portion: 0.9997
[18, 1677] training loss: 0.0284
[18, 1677] loss label: 0.0011
[18, 1677] loss curve: 0.0099
[18, 1677] loss seg: 0.0246
[18, 1677] valid portion: 0.9997
[18, 1968] training loss: 0.0290
[18, 1968] loss label: 0.0011
[18, 1968] loss curve: 0.0101
[18, 1968] loss seg: 0.0250
[18, 1968] valid portion: 0.9997
[18, 2259] training loss: 0.0288
[18, 2259] loss label: 0.0013
[18, 2259] loss curve: 0.0100
[18, 2259] loss seg: 0.0248
[18, 2259] valid portion: 0.9997
[18, 2550] training loss: 0.0289
[18, 2550] loss label: 0.0011
[18, 2550] loss curve: 0.0102
[18, 2550] loss seg: 0.0249
[18, 2550] valid portion: 0.9997
[18, 2841] training loss: 0.0279
[18, 2841] loss label: 0.0012
[18, 2841] loss curve: 0.0095
[18, 2841] loss seg: 0.0245
[18, 2841] valid portion: 0.9997
Epoch time: 790.33s
